<?xml version="1.0" encoding="UTF-8"?>
<!-- Generated by org.testng.reporters.JUnitXMLReporter -->
<testsuite ignored="0" hostname="DESKTOP-5FV6I2Q" failures="0" tests="3" name="Default test" time="10.951" errors="0" timestamp="2022-02-05T10:42:47 GMT">
  <testcase classname="login.LoginTest" name="logOut" time="2.091"/>
  <testcase classname="login.LoginTest" name="loginWithValidUser" time="0.786"/>
  <testcase classname="login.LoginTest" name="nameVerifiedIfAvailable" time="0.233"/>
</testsuite> <!-- Default test -->
