<?xml version="1.0" encoding="UTF-8"?>
<testng-results ignored="0" total="3" passed="3" failed="0" skipped="0">
  <reporter-output>
  </reporter-output>
  <suite started-at="2022-02-05T10:42:35 GMT" name="Default suite" finished-at="2022-02-05T10:42:46 GMT" duration-ms="10951">
    <groups>
    </groups>
    <test started-at="2022-02-05T10:42:35 GMT" name="Default test" finished-at="2022-02-05T10:42:46 GMT" duration-ms="10951">
      <class name="login.LoginTest">
        <test-method is-config="true" signature="testSetup()[pri:0, instance:login.LoginTest@773dab28]" started-at="2022-02-05T10:42:35 GMT" name="testSetup" finished-at="2022-02-05T10:42:40 GMT" duration-ms="4436" status="PASS">
          <reporter-output>
          </reporter-output>
        </test-method> <!-- testSetup -->
        <test-method signature="logOut()[pri:0, instance:login.LoginTest@773dab28]" started-at="2022-02-05T10:42:40 GMT" name="logOut" finished-at="2022-02-05T10:42:42 GMT" duration-ms="2091" status="PASS">
          <reporter-output>
          </reporter-output>
        </test-method> <!-- logOut -->
        <test-method signature="loginWithValidUser()[pri:0, instance:login.LoginTest@773dab28]" started-at="2022-02-05T10:42:42 GMT" name="loginWithValidUser" finished-at="2022-02-05T10:42:43 GMT" duration-ms="786" status="PASS">
          <reporter-output>
          </reporter-output>
        </test-method> <!-- loginWithValidUser -->
        <test-method signature="nameVerifiedIfAvailable()[pri:0, instance:login.LoginTest@773dab28]" started-at="2022-02-05T10:42:43 GMT" name="nameVerifiedIfAvailable" finished-at="2022-02-05T10:42:43 GMT" duration-ms="233" status="PASS">
          <reporter-output>
          </reporter-output>
        </test-method> <!-- nameVerifiedIfAvailable -->
        <test-method is-config="true" signature="tearDown()[pri:0, instance:login.LoginTest@773dab28]" started-at="2022-02-05T10:42:43 GMT" name="tearDown" finished-at="2022-02-05T10:42:46 GMT" duration-ms="3099" status="PASS">
          <reporter-output>
          </reporter-output>
        </test-method> <!-- tearDown -->
      </class> <!-- login.LoginTest -->
    </test> <!-- Default test -->
  </suite> <!-- Default suite -->
</testng-results>
